<?xml version="1.0" encoding="UTF-8"?>
<testsuites>
<testsuite timestamp="2026-08-06T04:19:22" hostname="TANPAN" package="ibex_alu" id="0" name="prove_result" tests="1" errors="0" failures="0" time="0" skipped="0">
<properties>
<property name="os" value="Linux"/>
<property name="expect" value="PASS"/>
<property name="status" value="PASS"/>
</properties>
<testcase classname="prove_result" name="build execution" time="0">
</testcase>
<testcase classname="prove_result" name="Property ASSERT in ibex_alu_fv at ibex_alu_fv.v:152.5-152.29" time="0" type="ASSERT" location="ibex_alu_fv.v:152.5-152.29" id="_witness_.check_assert_ibex_alu_fv_v_152_139">
</testcase>
<system-out>SBY  4:19:21 [ibex_alu_prove_result] Removing directory '/mnt/e/ai-chip-design-platform/voe_ibex/formal/ibex_alu_prove_result'.
SBY  4:19:21 [ibex_alu_prove_result] Copy '/mnt/e/ai-chip-design-platform/voe_ibex/formal/gen/ibex_alu.v' to '/mnt/e/ai-chip-design-platform/voe_ibex/formal/ibex_alu_prove_result/src/ibex_alu.v'.
SBY  4:19:21 [ibex_alu_prove_result] Copy '/mnt/e/ai-chip-design-platform/voe_ibex/formal/gen/ibex_alu_mut.v' to '/mnt/e/ai-chip-design-platform/voe_ibex/formal/ibex_alu_prove_result/src/ibex_alu_mut.v'.
SBY  4:19:21 [ibex_alu_prove_result] Copy '/mnt/e/ai-chip-design-platform/voe_ibex/formal/ibex_alu_fv.v' to '/mnt/e/ai-chip-design-platform/voe_ibex/formal/ibex_alu_prove_result/src/ibex_alu_fv.v'.
SBY  4:19:21 [ibex_alu_prove_result] engine_0: smtbmc z3
SBY  4:19:21 [ibex_alu_prove_result] base: starting process &quot;cd ibex_alu_prove_result/src; yosys -ql ../model/design.log ../model/design.ys&quot;
SBY  4:19:21 [ibex_alu_prove_result] base: finished (returncode=0)
SBY  4:19:21 [ibex_alu_prove_result] prep: starting process &quot;cd ibex_alu_prove_result/model; yosys -ql design_prep.log design_prep.ys&quot;
SBY  4:19:22 [ibex_alu_prove_result] prep: finished (returncode=0)
SBY  4:19:22 [ibex_alu_prove_result] smt2: starting process &quot;cd ibex_alu_prove_result/model; yosys -ql design_smt2.log design_smt2.ys&quot;
SBY  4:19:22 [ibex_alu_prove_result] smt2: finished (returncode=0)
SBY  4:19:22 [ibex_alu_prove_result] engine_0: starting process &quot;cd ibex_alu_prove_result; yosys-smtbmc -s z3 --presat --noprogress -t 2  --append 0 --dump-vcd engine_0/trace.vcd --dump-yw engine_0/trace.yw --dump-vlogtb engine_0/trace_tb.v --dump-smtc engine_0/trace.smtc model/design_smt2.smt2&quot;
SBY  4:19:22 [ibex_alu_prove_result] engine_0: ##   0:00:00  Solver: z3
SBY  4:19:22 [ibex_alu_prove_result] engine_0: ##   0:00:00  Checking assumptions in step 0..
SBY  4:19:22 [ibex_alu_prove_result] engine_0: ##   0:00:00  Checking assertions in step 0..
SBY  4:19:22 [ibex_alu_prove_result] engine_0: ##   0:00:00  Checking assumptions in step 1..
SBY  4:19:22 [ibex_alu_prove_result] engine_0: ##   0:00:00  Checking assertions in step 1..
SBY  4:19:22 [ibex_alu_prove_result] engine_0: ##   0:00:00  Status: passed
SBY  4:19:22 [ibex_alu_prove_result] engine_0: finished (returncode=0)
SBY  4:19:22 [ibex_alu_prove_result] engine_0: Status returned by engine: pass
SBY  4:19:22 [ibex_alu_prove_result] summary: Elapsed clock time [H:MM:SS (secs)]: 0:00:00 (0)
SBY  4:19:22 [ibex_alu_prove_result] summary: Elapsed process time [H:MM:SS (secs)]: 0:00:00 (0)
SBY  4:19:22 [ibex_alu_prove_result] summary: engine_0 (smtbmc z3) returned pass
SBY  4:19:22 [ibex_alu_prove_result] summary: engine_0 did not produce any traces
SBY  4:19:22 [ibex_alu_prove_result] DONE (PASS, rc=0)
</system-out>
<system-err>
</system-err>
</testsuite>
</testsuites>
